2026-04-07 18:46:11,505 INFO HTTP Request: HEAD https://huggingface.co/answerdotai/ModernBERT-large/resolve/main/config.json "HTTP/1.1 307 Temporary Redirect"
2026-04-07 18:46:11,517 INFO HTTP Request: HEAD https://huggingface.co/api/resolve-cache/models/answerdotai/ModernBERT-large/45bb4654a4d5aaff24dd11d4781fa46d39bf8c13/config.json "HTTP/1.1 200 OK"
2026-04-07 18:46:11,799 INFO HTTP Request: HEAD https://huggingface.co/answerdotai/ModernBERT-large/resolve/main/tokenizer_config.json "HTTP/1.1 307 Temporary Redirect"
2026-04-07 18:46:11,810 INFO HTTP Request: HEAD https://huggingface.co/api/resolve-cache/models/answerdotai/ModernBERT-large/45bb4654a4d5aaff24dd11d4781fa46d39bf8c13/tokenizer_config.json "HTTP/1.1 200 OK"
2026-04-07 18:46:12,163 INFO HTTP Request: GET https://huggingface.co/api/models/answerdotai/ModernBERT-large/tree/main/additional_chat_templates?recursive=false&expand=false "HTTP/1.1 404 Not Found"
2026-04-07 18:46:12,438 INFO HTTP Request: GET https://huggingface.co/api/models/answerdotai/ModernBERT-large/tree/main?recursive=true&expand=false "HTTP/1.1 200 OK"
2026-04-07 18:46:12,926 INFO HTTP Request: HEAD https://huggingface.co/answerdotai/ModernBERT-large/resolve/main/config.json "HTTP/1.1 307 Temporary Redirect"
2026-04-07 18:46:12,938 INFO HTTP Request: HEAD https://huggingface.co/api/resolve-cache/models/answerdotai/ModernBERT-large/45bb4654a4d5aaff24dd11d4781fa46d39bf8c13/config.json "HTTP/1.1 200 OK"
2026-04-07 18:46:13,229 INFO HTTP Request: HEAD https://huggingface.co/answerdotai/ModernBERT-large/resolve/main/config.json "HTTP/1.1 307 Temporary Redirect"
2026-04-07 18:46:13,241 INFO HTTP Request: HEAD https://huggingface.co/api/resolve-cache/models/answerdotai/ModernBERT-large/45bb4654a4d5aaff24dd11d4781fa46d39bf8c13/config.json "HTTP/1.1 200 OK"
=================================================================
  SLM-Guard Cialdini Group Classifier
  7 classes: benign + 6 Cialdini principles
=================================================================

Loading frozen ModernBERT-large + LoRA encoder...
Loading weights:   0%|          | 0/170 [00:00<?, ?it/s]Loading weights: 100%|██████████| 170/170 [00:00<00:00, 7892.84it/s]
[1mModernBertModel LOAD REPORT[0m from: answerdotai/ModernBERT-large
Key               | Status     |  | 
------------------+------------+--+-
head.dense.weight | UNEXPECTED |  | 
decoder.bias      | UNEXPECTED |  | 
head.norm.weight  | UNEXPECTED |  | 

[3mNotes:
- UNEXPECTED[3m	:can be ignored when loading from different task/architecture; not ok if you expect identical arch.[0m
trainable params: 4,386,816 || all params: 399,168,512 || trainable%: 1.0990
Loading datasets...

Cialdini group distribution (train):
  benign          (class 0): 1,655
  authority       (class 1): 4,965
  reciprocity     (class 2): 1,655
  social_proof    (class 3): 3,310
  liking          (class 4): 1,655
  scarcity        (class 5): 1,655
  commitment      (class 6): 4,965

Class weights: ['1.71', '0.57', '1.71', '0.86', '1.71', '1.71', '0.57']

Trainable parameters: 528,391 (head only — encoder frozen)

Training for 10 epochs (head only)...

  Epoch  1/10  loss=1.0434  train_acc=57.0%  val_f1=81.0%  val_acc=77.9%
  Epoch  2/10  loss=0.4440  train_acc=79.8%  val_f1=83.7%  val_acc=81.1%
  Epoch  3/10  loss=0.3627  train_acc=83.0%  val_f1=85.3%  val_acc=83.6%
  Epoch  4/10  loss=0.3252  train_acc=84.4%  val_f1=86.2%  val_acc=85.0%
  Epoch  5/10  loss=0.3006  train_acc=85.6%  val_f1=88.0%  val_acc=86.4%
  Epoch  6/10  loss=0.2798  train_acc=86.6%  val_f1=89.0%  val_acc=87.5%
  Epoch  7/10  loss=0.2657  train_acc=87.1%  val_f1=89.4%  val_acc=87.8%
  Epoch  8/10  loss=0.2548  train_acc=87.5%  val_f1=89.2%  val_acc=87.6%
  Epoch  9/10  loss=0.2453  train_acc=88.1%  val_f1=89.0%  val_acc=87.5%
  Epoch 10/10  loss=0.2444  train_acc=88.1%  val_f1=89.2%  val_acc=87.7%

  Best val macro-F1: 89.4% at epoch 7

Loading best checkpoint for test evaluation...

=================================================================
  TEST SET RESULTS — Cialdini Group Classification
=================================================================
              precision    recall  f1-score   support

      benign     0.9769    0.9576    0.9672       354
   authority     0.9373    0.9011    0.9189      1062
 reciprocity     0.7874    0.9520    0.8619       354
social_proof     0.8404    0.8107    0.8253       708
      liking     0.8871    0.9322    0.9091       354
    scarcity     0.9246    0.9350    0.9298       354
  commitment     0.8008    0.7834    0.7920      1062

    accuracy                         0.8710      4248
   macro avg     0.8792    0.8960    0.8863      4248
weighted avg     0.8726    0.8710    0.8709      4248

  Macro-F1 : 88.63%
  Accuracy : 87.10%

  Saved → /data/ishita_workspace/SLM-GAURD/slmguard/checkpoints/slmguard-cialdini-head/cialdini_head.pt
=================================================================
